600 94 107820 60.0 471 296
0 27
1 34
2 1
3 25
4 28
5 9
6 29
7 4
8 33
9 35
10 38
11 23
12 30
13 7
14 17
15 6
16 3
17 27
18 15
19 4
20 29
21 21
22 36
23 9
24 7
25 27
26 22
27 27
28 19
29 24
30 23
31 33
32 28
33 2
34 20
35 39
36 10
37 12
38 17
39 9
40 39
41 33
42 12
43 2
44 6
45 2
46 8
47 11
48 5
49 13
50 6
51 30
52 24
53 9
54 19
55 26
56 26
57 4
58 11
59 28
60 1
61 29
62 18
63 37
64 5
65 29
66 18
67 22
68 26
69 35
70 23
71 8
72 7
73 30
74 7
75 32
76 5
77 33
78 25
79 21
80 12
81 16
82 4
83 21
84 28
85 2
86 24
87 14
88 11
89 21
90 3
91 14
92 16
93 25
94 17
95 11
96 1
97 6
98 1
99 13
100 31
101 8
102 37
103 23
104 31
105 17
106 34
107 19
108 32
109 3
110 20
111 19
112 34
113 35
114 34
115 15
116 14
117 26
118 36
119 37
120 32
121 22
122 38
123 15
124 7
125 13
126 21
127 31
128 25
129 10
130 18
131 38
132 20
133 16
134 10
135 3
136 5
137 5
138 40
139 53
140 63
141 50
142 84
143 31
144 49
145 66
146 79
147 65
148 39
149 62
150 52
151 57
152 64
153 42
154 42
155 89
156 12
157 43
158 53
159 75
160 44
161 41
162 56
163 61
164 64
165 28
166 50
167 69
168 65
169 68
170 88
171 79
172 53
173 69
174 75
175 70
176 51
177 39
178 57
179 64
180 30
181 77
182 51
183 45
184 38
185 80
186 72
187 74
188 74
189 55
190 14
191 88
192 54
193 66
194 76
195 88
196 72
197 82
198 80
199 54
200 93
201 85
202 62
203 58
204 62
205 45
206 66
207 92
208 61
209 39
210 23
211 72
212 40
213 3
214 73
215 48
216 44
217 81
218 55
219 49
220 36
221 66
222 72
223 19
224 55
225 86
226 47
227 87
228 59
229 45
230 89
231 41
232 91
233 53
234 42
235 59
236 52
237 73
238 42
239 67
240 58
241 47
242 60
243 36
244 76
245 38
246 77
247 11
248 27
249 72
250 46
251 88
252 94
253 50
254 73
255 82
256 86
257 25
258 64
259 63
260 42
261 54
262 89
263 74
264 49
265 63
266 47
267 70
268 93
269 76
270 52
271 90
272 40
273 13
274 71
275 90
276 18
277 22
278 54
279 77
280 51
281 63
282 78
283 60
284 41
285 65
286 61
287 51
288 54
289 55
290 88
291 60
292 48
293 57
294 87
295 49
296 86
297 87
298 46
299 56
300 88
301 55
302 80
303 47
304 45
305 53
306 35
307 46
308 71
309 62
310 24
311 72
312 79
313 59
314 82
315 69
316 69
317 73
318 51
319 73
320 93
321 46
322 47
323 84
324 53
325 58
326 77
327 88
328 42
329 75
330 56
331 77
332 48
333 93
334 43
335 33
336 83
337 52
338 67
339 6
340 64
341 45
342 53
343 83
344 54
345 38
346 64
347 65
348 46
349 89
350 61
351 71
352 75
353 48
354 78
355 46
356 36
357 24
358 20
359 72
360 50
361 39
362 37
363 73
364 70
365 30
366 13
367 83
368 50
369 22
370 56
371 57
372 18
373 87
374 89
375 56
376 57
377 72
378 43
379 59
380 40
381 26
382 47
383 15
384 87
385 54
386 34
387 69
388 74
389 92
390 49
391 91
392 74
393 55
394 44
395 67
396 71
397 90
398 61
399 59
400 49
401 55
402 81
403 85
404 52
405 49
406 56
407 51
408 80
409 65
410 32
411 84
412 87
413 58
414 47
415 23
416 70
417 74
418 92
419 63
420 37
421 76
422 56
423 39
424 35
425 37
426 46
427 65
428 22
429 83
430 65
431 64
432 84
433 80
434 40
435 51
436 85
437 50
438 54
439 78
440 70
441 84
442 53
443 51
444 77
445 31
446 67
447 23
448 61
449 49
450 67
451 42
452 52
453 1
454 29
455 56
456 66
457 31
458 52
459 73
460 58
461 76
462 70
463 48
464 45
465 52
466 79
467 26
468 61
469 60
470 74
471 50
472 69
473 58
474 66
475 60
476 32
477 68
478 10
479 41
480 70
481 57
482 70
483 68
484 57
485 85
486 44
487 84
488 20
489 40
490 62
491 81
492 64
493 40
494 65
495 94
496 15
497 74
498 44
499 42
500 16
501 63
502 79
503 77
504 62
505 1
506 83
507 81
508 82
509 50
510 59
511 63
512 71
513 43
514 22
515 45
516 48
517 60
518 63
519 81
520 68
521 90
522 62
523 78
524 32
525 90
526 75
527 71
528 44
529 30
530 57
531 66
532 83
533 52
534 89
535 47
536 59
537 43
538 66
539 71
540 68
541 56
542 76
543 43
544 66
545 14
546 68
547 86
548 85
549 87
550 8
551 54
552 41
553 16
554 62
555 29
556 82
557 40
558 43
559 41
560 4
561 58
562 71
563 48
564 44
565 67
566 12
567 60
568 48
569 56
570 43
571 76
572 69
573 16
574 42
575 73
576 69
577 80
578 78
579 59
580 81
581 15
582 71
583 80
584 10
585 36
586 61
587 92
588 17
589 45
590 75
591 85
592 41
593 83
594 59
595 46
596 90
597 13
598 61
599 83
