600 200 161730 90.0 577 506
0 16
1 19
2 17
3 33
4 25
5 43
6 31
7 46
8 27
9 8
10 52
11 30
12 1
13 16
14 37
15 64
16 7
17 23
18 28
19 32
20 21
21 22
22 25
23 29
24 34
25 44
26 53
27 13
28 69
29 32
30 10
31 62
32 33
33 2
34 19
35 14
36 18
37 39
38 32
39 26
40 37
41 59
42 52
43 61
44 8
45 17
46 64
47 21
48 23
49 10
50 55
51 30
52 56
53 9
54 35
55 36
56 39
57 15
58 10
59 45
60 61
61 29
62 47
63 42
64 5
65 20
66 49
67 48
68 9
69 47
70 60
71 4
72 24
73 3
74 29
75 25
76 4
77 49
78 43
79 38
80 1
81 14
82 24
83 36
84 27
85 62
86 27
87 12
88 40
89 66
90 13
91 35
92 66
93 14
94 42
95 46
96 28
97 15
98 48
99 6
100 67
101 56
102 11
103 26
104 38
105 34
106 50
107 3
108 2
109 41
110 45
111 6
112 18
113 44
114 55
115 31
116 48
117 56
118 40
119 53
120 60
121 58
122 20
123 57
124 12
125 20
126 5
127 12
128 7
129 41
130 2
131 9
132 11
133 22
134 51
135 93
136 102
137 117
138 168
139 54
140 128
141 73
142 141
143 122
144 113
145 145
146 155
147 100
148 84
149 51
150 93
151 139
152 79
153 184
154 170
155 85
156 6
157 106
158 71
159 166
160 80
161 126
162 104
163 143
164 43
165 140
166 156
167 137
168 171
169 183
170 105
171 196
172 108
173 150
174 13
175 70
176 67
177 109
178 174
179 194
180 136
181 188
182 179
183 5
184 110
185 136
186 74
187 155
188 102
189 161
190 133
191 108
192 63
193 81
194 127
195 81
196 79
197 96
198 36
199 175
200 87
201 157
202 76
203 147
204 139
205 88
206 124
207 55
208 107
209 158
210 187
211 116
212 158
213 138
214 151
215 161
216 121
217 129
218 92
219 111
220 28
221 109
222 147
223 176
224 64
225 135
226 154
227 163
228 157
229 196
230 112
231 70
232 109
233 122
234 155
235 180
236 138
237 71
238 147
239 156
240 153
241 145
242 196
243 190
244 89
245 154
246 22
247 146
248 11
249 168
250 177
251 147
252 92
253 169
254 65
255 142
256 73
257 162
258 63
259 198
260 184
261 182
262 91
263 83
264 168
265 85
266 35
267 191
268 140
269 57
270 169
271 181
272 21
273 148
274 78
275 82
276 143
277 40
278 118
279 46
280 115
281 103
282 68
283 86
284 58
285 146
286 178
287 131
288 43
289 152
290 97
291 120
292 103
293 143
294 141
295 73
296 120
297 88
298 54
299 52
300 53
301 94
302 91
303 142
304 34
305 144
306 72
307 81
308 139
309 63
310 135
311 165
312 65
313 70
314 142
315 176
316 138
317 51
318 134
319 54
320 197
321 117
322 69
323 116
324 83
325 131
326 195
327 200
328 152
329 159
330 144
331 112
332 163
333 121
334 101
335 144
336 126
337 137
338 145
339 112
340 76
341 132
342 77
343 106
344 189
345 91
346 84
347 77
348 87
349 74
350 167
351 171
352 185
353 41
354 186
355 122
356 137
357 163
358 170
359 153
360 96
361 193
362 177
363 95
364 159
365 28
366 172
367 156
368 124
369 155
370 88
371 121
372 128
373 60
374 49
375 90
376 120
377 167
378 174
379 100
380 175
381 167
382 90
383 175
384 95
385 86
386 159
387 166
388 151
389 68
390 50
391 131
392 98
393 59
394 27
395 182
396 77
397 85
398 110
399 111
400 45
401 123
402 115
403 150
404 161
405 113
406 183
407 138
408 107
409 159
410 146
411 103
412 58
413 188
414 183
415 133
416 75
417 125
418 151
419 107
420 132
421 99
422 136
423 162
424 82
425 114
426 180
427 180
428 72
429 74
430 114
431 101
432 98
433 123
434 118
435 45
436 189
437 127
438 52
439 178
440 130
441 104
442 122
443 157
444 172
445 135
446 82
447 148
448 105
449 72
450 44
451 125
452 102
453 98
454 96
455 91
456 105
457 90
458 150
459 178
460 153
461 93
462 124
463 197
464 185
465 199
466 149
467 164
468 118
469 119
470 173
471 165
472 47
473 101
474 125
475 75
476 23
477 126
478 129
479 3
480 160
481 68
482 92
483 80
484 152
485 134
486 94
487 184
488 100
489 82
490 187
491 50
492 142
493 149
494 89
495 110
496 18
497 181
498 114
499 87
500 192
501 105
502 148
503 38
504 83
505 17
506 119
507 127
508 130
509 198
510 158
511 31
512 185
513 179
514 164
515 140
516 116
517 169
518 65
519 62
520 128
521 42
522 172
523 95
524 166
525 190
526 94
527 119
528 123
529 95
530 129
531 160
532 153
533 69
534 99
535 133
536 110
537 186
538 99
539 76
540 129
541 177
542 106
543 62
544 133
545 58
546 132
547 66
548 92
549 84
550 39
551 71
552 59
553 146
554 179
555 104
556 189
557 57
558 61
559 134
560 97
561 141
562 141
563 78
564 166
565 193
566 177
567 111
568 74
569 154
570 26
571 108
572 86
573 15
574 67
575 113
576 149
577 79
578 97
579 75
580 49
581 19
582 70
583 78
584 134
585 127
586 116
587 173
588 170
589 115
590 130
591 160
592 134
593 80
594 102
595 117
596 68
597 94
598 96
599 89
