600 51 71880 40.0 336 141
0 24
1 29
2 35
3 6
4 13
5 33
6 34
7 37
8 38
9 6
10 48
11 10
12 19
13 45
14 6
15 8
16 26
17 32
18 19
19 23
20 39
21 20
22 12
23 2
24 2
25 23
26 17
27 11
28 36
29 28
30 43
31 41
32 37
33 18
34 41
35 17
36 27
37 1
38 4
39 39
40 8
41 21
42 11
43 42
44 17
45 20
46 8
47 18
48 43
49 30
50 39
51 31
52 27
53 23
54 40
55 19
56 22
57 2
58 13
59 23
60 35
61 33
62 11
63 8
64 31
65 6
66 29
67 30
68 49
69 41
70 30
71 26
72 21
73 5
74 20
75 37
76 5
77 1
78 15
79 39
80 48
81 43
82 38
83 15
84 38
85 9
86 30
87 2
88 29
89 41
90 25
91 15
92 43
93 16
94 21
95 40
96 45
97 21
98 6
99 33
100 18
101 24
102 14
103 25
104 35
105 21
106 9
107 14
108 47
109 1
110 38
111 10
112 36
113 40
114 34
115 6
116 11
117 7
118 7
119 11
120 17
121 33
122 7
123 28
124 47
125 17
126 1
127 5
128 6
129 22
130 33
131 31
132 33
133 7
134 12
135 5
136 7
137 27
138 18
139 10
140 24
141 5
142 2
143 4
144 28
145 24
146 42
147 4
148 1
149 16
150 26
151 20
152 48
153 14
154 8
155 9
156 3
157 26
158 13
159 28
160 50
161 38
162 18
163 44
164 36
165 32
166 13
167 21
168 30
169 9
170 32
171 1
172 25
173 41
174 14
175 2
176 36
177 29
178 28
179 6
180 16
181 26
182 46
183 32
184 20
185 23
186 14
187 42
188 13
189 37
190 33
191 21
192 50
193 9
194 43
195 47
196 25
197 3
198 3
199 18
200 22
201 15
202 31
203 45
204 12
205 19
206 45
207 15
208 34
209 44
210 16
211 4
212 35
213 3
214 36
215 17
216 5
217 12
218 5
219 1
220 18
221 23
222 40
223 34
224 3
225 1
226 10
227 41
228 18
229 14
230 22
231 10
232 9
233 44
234 34
235 28
236 13
237 47
238 4
239 9
240 32
241 9
242 27
243 37
244 15
245 8
246 35
247 23
248 29
249 37
250 17
251 14
252 25
253 44
254 21
255 48
256 3
257 33
258 22
259 31
260 8
261 38
262 12
263 24
264 23
265 16
266 13
267 7
268 32
269 40
270 25
271 34
272 20
273 2
274 30
275 36
276 49
277 22
278 37
279 46
280 19
281 19
282 29
283 14
284 29
285 15
286 12
287 15
288 30
289 24
290 46
291 4
292 44
293 46
294 16
295 6
296 16
297 10
298 12
299 16
300 7
301 1
302 2
303 26
304 34
305 42
306 11
307 13
308 5
309 12
310 39
311 31
312 25
313 22
314 11
315 30
316 3
317 26
318 45
319 27
320 42
321 37
322 45
323 43
324 12
325 10
326 27
327 17
328 39
329 40
330 48
331 51
332 51
333 22
334 51
335 51
336 43
337 46
338 50
339 51
340 14
341 49
342 51
343 49
344 51
345 39
346 30
347 26
348 49
349 16
350 51
351 40
352 51
353 46
354 7
355 46
356 49
357 45
358 2
359 15
360 51
361 47
362 50
363 50
364 49
365 50
366 51
367 50
368 18
369 49
370 48
371 42
372 7
373 32
374 50
375 49
376 23
377 29
378 27
379 50
380 20
381 51
382 51
383 44
384 19
385 41
386 2
387 22
388 51
389 51
390 49
391 51
392 35
393 38
394 42
395 51
396 51
397 50
398 49
399 45
400 2
401 31
402 30
403 49
404 36
405 29
406 50
407 26
408 51
409 51
410 28
411 51
412 49
413 43
414 47
415 49
416 51
417 49
418 48
419 51
420 49
421 47
422 51
423 51
424 51
425 49
426 49
427 51
428 46
429 51
430 49
431 47
432 44
433 19
434 35
435 49
436 50
437 32
438 51
439 49
440 11
441 31
442 51
443 27
444 42
445 44
446 50
447 22
448 47
449 9
450 51
451 46
452 44
453 51
454 44
455 42
456 49
457 21
458 26
459 43
460 47
461 12
462 50
463 51
464 51
465 11
466 46
467 49
468 51
469 48
470 29
471 51
472 36
473 43
474 43
475 51
476 50
477 51
478 38
479 49
480 50
481 50
482 10
483 51
484 50
485 49
486 22
487 46
488 12
489 51
490 51
491 49
492 49
493 45
494 31
495 17
496 22
497 4
498 40
499 51
500 47
501 43
502 50
503 46
504 31
505 40
506 49
507 31
508 42
509 27
510 51
511 51
512 43
513 46
514 42
515 51
516 50
517 24
518 32
519 49
520 43
521 51
522 51
523 51
524 49
525 51
526 3
527 48
528 47
529 49
530 43
531 42
532 38
533 39
534 15
535 50
536 40
537 51
538 51
539 51
540 35
541 51
542 44
543 8
544 45
545 49
546 51
547 49
548 51
549 26
550 34
551 44
552 20
553 27
554 45
555 4
556 51
557 44
558 44
559 51
560 20
561 48
562 49
563 23
564 51
565 31
566 49
567 51
568 49
569 10
570 49
571 50
572 44
573 40
574 51
575 1
576 49
577 36
578 48
579 51
580 38
581 29
582 51
583 48
584 51
585 51
586 45
587 34
588 42
589 51
590 46
591 18
592 40
593 51
594 31
595 51
596 24
597 36
598 24
599 44
